Pushed byte 4 at sp 2303
Pushed byte 3 at sp 2302
7 = 4 + 3, cflag=0, zflag=0
Terminating VM at pc 8099
============================================================
Pushed byte 8 at sp 2303
Pushed byte 3 at sp 2302
5 = 8 - 3, bflag=0, zflag=0
Terminating VM at pc 8099
============================================================
Pushed byte 6 at sp 2303
Pushed byte 7 at sp 2302
42 = 6 * 7, zflag=0
Terminating VM at pc 8099
============================================================
Pushed byte 100 at sp 2303
Pushed byte 10 at sp 2302
10 = 100 / 10, remainder=0, zflag=0
Terminating VM at pc 8099
============================================================
Pushed cell 100 at sp 2303
Pushed cell 300 at sp 2301
400 = 100 + 300, cflag=0, zflag=0
Terminating VM at pc 8101
============================================================
Pushed cell 400 at sp 2303
Pushed cell 100 at sp 2301
300 = 400 - 100, bflag=0, zflag=0
Terminating VM at pc 8101
============================================================
Pushed cell 100 at sp 2303
Pushed cell 300 at sp 2301
30000 = 100 * 300, zflag=0
Terminating VM at pc 8101
============================================================
Pushed cell 0 at sp 2303
Pushed cell 300 at sp 2301
Pushed cell 100 at sp 2299
3 = 300 / 100, remainder=0, zflag=0
Terminating VM at pc 8104
============================================================
Pushed byte 42 at sp 2303
Terminating VM at pc 8096
============================================================
Pushed byte 42 at sp 2303
Terminating VM at pc 8096
============================================================
Pushed cell 300 at sp 2303
Terminating VM at pc 8097
============================================================
Pushed cell 25185 at sp 2303
Terminating VM at pc 8097
============================================================
Pushed byte 21 at sp 2303
duplicated 21
42 = 21 + 21, cflag=0, zflag=0
Terminating VM at pc 8098
============================================================
Pushed byte 4 at sp 2303
Pushed byte 2 at sp 2302
swapped 2 and 4
Terminating VM at pc 8100
============================================================
Pushed byte 1 at sp 2303
Pushed byte 2 at sp 2302
Pushed byte 3 at sp 2301
rotated 3, 2, 1
Terminating VM at pc 8103
============================================================
